<?xml version="1.0" encoding="UTF-8"?>
<!-- Generated by org.testng.reporters.JUnitReportReporter -->
<testsuite hostname="Anusha" failures="0" tests="2" name="selenium.TC012_TestNG" time="16.958" errors="0" timestamp="2025-08-18T16:26:44 IST" skipped="0">
  <testcase classname="selenium.TC012_TestNG" name="f" time="9.524"/>
  <testcase classname="selenium.TC012_TestNG" name="f" time="7.434"/>
</testsuite> <!-- selenium.TC012_TestNG -->
