<?xml version="1.0" encoding="UTF-8"?>
<!-- Generated by org.testng.reporters.JUnitReportReporter -->
<testsuite hostname="Anusha" failures="0" tests="1" name="pack5.Q02" time="8.266" errors="0" timestamp="2025-08-26T20:18:55 IST" skipped="0">
  <testcase classname="pack5.Q02" name="login" time="8.266"/>
</testsuite> <!-- pack5.Q02 -->
