<?xml version="1.0" encoding="UTF-8"?>
<!-- Generated by org.testng.reporters.JUnitReportReporter -->
<testsuite hostname="Anusha" failures="0" tests="2" name="pack4.Lab9_lab3crossbrowser" time="6.351" errors="0" timestamp="2025-08-19T15:53:15 IST" skipped="0">
  <testcase classname="pack4.Lab9_lab3crossbrowser" name="test1" time="2.904"/>
  <testcase classname="pack4.Lab9_lab3crossbrowser" name="test1" time="3.447"/>
</testsuite> <!-- pack4.Lab9_lab3crossbrowser -->
