<?xml version="1.0" encoding="UTF-8"?>
<!-- Generated by org.testng.reporters.JUnitReportReporter -->
<testsuite hostname="Anusha" failures="0" tests="2" name="pack4.TC012_TestNG" time="30.059" errors="0" timestamp="2025-08-20T09:31:56 IST" skipped="0">
  <testcase classname="pack4.TC012_TestNG" name="f" time="20.870"/>
  <testcase classname="pack4.TC012_TestNG" name="f" time="9.189"/>
</testsuite> <!-- pack4.TC012_TestNG -->
