<?xml version="1.0" encoding="UTF-8"?>
<!-- Generated by org.testng.reporters.JUnitReportReporter -->
<testsuite hostname="Anusha" failures="0" tests="1" name="pack5.Q01" time="1.908" errors="0" timestamp="2025-08-26T20:34:52 IST" skipped="0">
  <testcase classname="pack5.Q01" name="openGoogle" time="1.908"/>
</testsuite> <!-- pack5.Q01 -->
