<?xml version="1.0" encoding="UTF-8"?>
<!-- Generated by org.testng.reporters.JUnitReportReporter -->
<testsuite hostname="Anusha" failures="0" tests="2" name="pack4.Lab9_lab4crossbrowser" time="14.183" errors="0" timestamp="2025-08-19T15:53:15 IST" skipped="0">
  <testcase classname="pack4.Lab9_lab4crossbrowser" name="test2" time="11.087"/>
  <testcase classname="pack4.Lab9_lab4crossbrowser" name="test2" time="3.096"/>
</testsuite> <!-- pack4.Lab9_lab4crossbrowser -->
