<?xml version="1.0" encoding="UTF-8"?>
<!-- Generated by org.testng.reporters.JUnitReportReporter -->
<testsuite hostname="Anusha" failures="0" tests="2" name="pack4.Lab08_3_selenium" time="11.750" errors="0" timestamp="2025-08-19T15:54:17 IST" skipped="0">
  <testcase classname="pack4.Lab08_3_selenium" name="f" time="6.266"/>
  <testcase classname="pack4.Lab08_3_selenium" name="f" time="5.484"/>
</testsuite> <!-- pack4.Lab08_3_selenium -->
