<?xml version="1.0" encoding="UTF-8"?>
<!-- Generated by org.testng.reporters.JUnitReportReporter -->
<testsuite hostname="Anusha" failures="0" tests="3" name="pack4.TC0012_TestNG2_pagefactory" time="40.119" errors="0" timestamp="2025-08-20T16:19:18 IST" skipped="0">
  <testcase classname="pack4.TC0012_TestNG2_pagefactory" name="f" time="13.099"/>
  <testcase classname="pack4.TC0012_TestNG2_pagefactory" name="f" time="13.526"/>
  <testcase classname="pack4.TC0012_TestNG2_pagefactory" name="f" time="13.494"/>
</testsuite> <!-- pack4.TC0012_TestNG2_pagefactory -->
