<?xml version="1.0" encoding="UTF-8"?>
<!-- Generated by org.testng.reporters.JUnitReportReporter -->
<testsuite hostname="Anusha" failures="0" tests="2" name="selenium.Lab08_4_selenium" time="10.050" errors="0" timestamp="2025-08-19T15:15:38 IST" skipped="0">
  <testcase classname="selenium.Lab08_4_selenium" name="f" time="5.375"/>
  <testcase classname="selenium.Lab08_4_selenium" name="f" time="4.675"/>
</testsuite> <!-- selenium.Lab08_4_selenium -->
