<?xml version="1.0" encoding="UTF-8"?>
<!-- Generated by org.testng.reporters.JUnitReportReporter -->
<testsuite hostname="Anusha" failures="0" tests="1" name="pack4.Qn_14" time="5.293" errors="0" timestamp="2025-08-21T17:55:30 IST" skipped="0">
  <testcase classname="pack4.Qn_14" name="f" time="5.293"/>
</testsuite> <!-- pack4.Qn_14 -->
