<?xml version="1.0" encoding="UTF-8"?>
<!-- Generated by org.testng.reporters.JUnitReportReporter -->
<testsuite hostname="Anusha" failures="0" tests="1" name="pack4.Lab3Test_qn11" time="9.427" errors="0" timestamp="2025-08-21T13:01:32 IST" skipped="0">
  <testcase classname="pack4.Lab3Test_qn11" name="lab3" time="9.427"/>
</testsuite> <!-- pack4.Lab3Test_qn11 -->
