<?xml version="1.0" encoding="UTF-8"?>
<!-- Generated by org.testng.reporters.JUnitReportReporter -->
<testsuite hostname="Anusha" failures="0" tests="1" name="selenium.TC0013" time="5.464" errors="0" timestamp="2025-08-19T09:38:32 IST" skipped="0">
  <testcase classname="selenium.TC0013" name="test1" time="5.464"/>
</testsuite> <!-- selenium.TC0013 -->
