<?xml version="1.0" encoding="UTF-8"?>
<!-- Generated by org.testng.reporters.JUnitReportReporter -->
<testsuite hostname="Anusha" failures="0" tests="2" name="pack4.Lab16_usingXML" time="18.800" errors="0" timestamp="2025-08-22T16:31:39 IST" skipped="0">
  <testcase classname="pack4.Lab16_usingXML" name="f" time="11.548"/>
  <testcase classname="pack4.Lab16_usingXML" name="f" time="7.252"/>
</testsuite> <!-- pack4.Lab16_usingXML -->
