<?xml version="1.0" encoding="UTF-8"?>
<!-- Generated by org.testng.reporters.JUnitReportReporter -->
<testsuite hostname="Anusha" failures="0" tests="2" name="selenium.Lab9_lab3crossbrowser" time="7.312" errors="0" timestamp="2025-08-19T15:39:34 IST" skipped="0">
  <testcase classname="selenium.Lab9_lab3crossbrowser" name="test1" time="3.687"/>
  <testcase classname="selenium.Lab9_lab3crossbrowser" name="test1" time="3.625"/>
</testsuite> <!-- selenium.Lab9_lab3crossbrowser -->
