<?xml version="1.0" encoding="UTF-8"?>
<!-- Generated by org.testng.reporters.JUnitReportReporter -->
<testsuite hostname="Anusha" failures="0" tests="3" name="com.orangehrm.tests.LoginOrangeHRM" time="50.289" errors="0" timestamp="2025-08-23T15:45:45 IST" skipped="0">
  <testcase classname="com.orangehrm.tests.LoginOrangeHRM" name="verifylogin" time="19.152"/>
  <testcase classname="com.orangehrm.tests.LoginOrangeHRM" name="verifylogin" time="14.509"/>
  <testcase classname="com.orangehrm.tests.LoginOrangeHRM" name="verifylogin" time="16.628"/>
</testsuite> <!-- com.orangehrm.tests.LoginOrangeHRM -->
