<?xml version="1.0" encoding="UTF-8"?>
<!-- Generated by org.testng.reporters.JUnitReportReporter -->
<testsuite hostname="Anusha" failures="0" tests="3" name="pack4.Lab015_CSV" time="26.438" errors="0" timestamp="2025-08-22T09:47:32 IST" skipped="0">
  <testcase classname="pack4.Lab015_CSV" name="f" time="8.075"/>
  <testcase classname="pack4.Lab015_CSV" name="f" time="10.110"/>
  <testcase classname="pack4.Lab015_CSV" name="f" time="8.253"/>
</testsuite> <!-- pack4.Lab015_CSV -->
