<?xml version="1.0" encoding="UTF-8"?>
<!-- Generated by org.testng.reporters.JUnitReportReporter -->
<testsuite hostname="Anusha" failures="0" tests="2" name="selenium.TC0014" time="37.340" errors="0" timestamp="2025-08-19T09:48:38 IST" skipped="0">
  <testcase classname="selenium.TC0014" name="test2" time="26.421"/>
  <testcase classname="selenium.TC0014" name="test2" time="10.919"/>
</testsuite> <!-- selenium.TC0014 -->
