<?xml version="1.0" encoding="UTF-8"?>
<!-- Generated by org.testng.reporters.JUnitReportReporter -->
<testsuite hostname="Anusha" failures="0" tests="1" name="pack5.Q04" time="3.232" errors="0" timestamp="2025-08-26T20:24:03 IST" skipped="0">
  <testcase classname="pack5.Q04" name="f" time="3.232"/>
</testsuite> <!-- pack5.Q04 -->
