<?xml version="1.0" encoding="UTF-8"?>
<!-- Generated by org.testng.reporters.JUnitReportReporter -->
<testsuite hostname="Anusha" failures="0" tests="1" name="pack4.Lab14" time="5.171" errors="0" timestamp="2025-08-23T17:33:41 IST" skipped="0">
  <testcase classname="pack4.Lab14" name="f" time="5.171"/>
</testsuite> <!-- pack4.Lab14 -->
