<?xml version="1.0" encoding="UTF-8"?>
<!-- Generated by org.testng.reporters.JUnitReportReporter -->
<testsuite hostname="Anusha" failures="0" tests="2" name="selenium.Lab08_3_selenium" time="13.586" errors="0" timestamp="2025-08-19T15:01:33 IST" skipped="0">
  <testcase classname="selenium.Lab08_3_selenium" name="f" time="8.025"/>
  <testcase classname="selenium.Lab08_3_selenium" name="f" time="5.561"/>
</testsuite> <!-- selenium.Lab08_3_selenium -->
