<?xml version="1.0" encoding="UTF-8"?>
<!-- Generated by org.testng.reporters.JUnitReportReporter -->
<testsuite hostname="Anusha" failures="0" tests="1" name="pack5.Q03" time="16.513" errors="0" timestamp="2025-08-26T22:44:40 IST" skipped="0">
  <testcase classname="pack5.Q03" name="f" time="16.513"/>
</testsuite> <!-- pack5.Q03 -->
